<?xml version="1.0" encoding="UTF-8"?>
<testng-results ignored="0" total="2" passed="2" failed="0" skipped="0">
  <reporter-output>
  </reporter-output>
  <suite started-at="2022-03-25T23:56:26 EDT" name="Default suite" finished-at="2022-03-25T23:56:33 EDT" duration-ms="6528">
    <groups>
    </groups>
    <test started-at="2022-03-25T23:56:26 EDT" name="Default test" finished-at="2022-03-25T23:56:33 EDT" duration-ms="6528">
      <class name="TestCases.SauceLoginTest">
        <test-method is-config="true" signature="setup()[pri:0, instance:TestCases.SauceLoginTest@32ee6fee]" started-at="2022-03-25T23:56:27 EDT" name="setup" finished-at="2022-03-25T23:56:29 EDT" duration-ms="2853" status="PASS">
          <reporter-output>
          </reporter-output>
        </test-method> <!-- setup -->
        <test-method signature="LoginFailureTest()[pri:0, instance:TestCases.SauceLoginTest@32ee6fee]" started-at="2022-03-25T23:56:29 EDT" name="LoginFailureTest" finished-at="2022-03-25T23:56:30 EDT" duration-ms="557" status="PASS">
          <reporter-output>
          </reporter-output>
        </test-method> <!-- LoginFailureTest -->
        <test-method is-config="true" signature="TearDown()[pri:0, instance:TestCases.SauceLoginTest@32ee6fee]" started-at="2022-03-25T23:56:30 EDT" name="TearDown" finished-at="2022-03-25T23:56:30 EDT" duration-ms="376" status="PASS">
          <reporter-output>
          </reporter-output>
        </test-method> <!-- TearDown -->
        <test-method is-config="true" signature="setup()[pri:0, instance:TestCases.SauceLoginTest@32ee6fee]" started-at="2022-03-25T23:56:30 EDT" name="setup" finished-at="2022-03-25T23:56:32 EDT" duration-ms="1708" status="PASS">
          <reporter-output>
          </reporter-output>
        </test-method> <!-- setup -->
        <test-method signature="LoginSuccessTest()[pri:0, instance:TestCases.SauceLoginTest@32ee6fee]" started-at="2022-03-25T23:56:32 EDT" name="LoginSuccessTest" finished-at="2022-03-25T23:56:33 EDT" duration-ms="672" status="PASS">
          <reporter-output>
          </reporter-output>
        </test-method> <!-- LoginSuccessTest -->
        <test-method is-config="true" signature="TearDown()[pri:0, instance:TestCases.SauceLoginTest@32ee6fee]" started-at="2022-03-25T23:56:33 EDT" name="TearDown" finished-at="2022-03-25T23:56:33 EDT" duration-ms="270" status="PASS">
          <reporter-output>
          </reporter-output>
        </test-method> <!-- TearDown -->
      </class> <!-- TestCases.SauceLoginTest -->
    </test> <!-- Default test -->
  </suite> <!-- Default suite -->
</testng-results>
